<?xml version="1.0" encoding="UTF-8"?>
<!-- Generated by org.testng.reporters.JUnitReportReporter -->
<testsuite skipped="0" hostname="isubrama" name="com.training.sanity.tests.FilterStatusDate" tests="2" failures="0" timestamp="16 Sep 2019 05:28:15 GMT" time="8.322" errors="0">
  <testcase name="validLoginTest" time="2.536" classname="com.training.sanity.tests.FilterStatusDate"/>
  <testcase name="filterstatusdate" time="5.786" classname="com.training.sanity.tests.FilterStatusDate"/>
</testsuite> <!-- com.training.sanity.tests.FilterStatusDate -->
