<?xml version="1.0" encoding="UTF-8"?>
<!-- Generated by org.testng.reporters.JUnitReportReporter -->
<testsuite skipped="0" hostname="isubrama" name="com.training.regression.tests.LoginDBTest" tests="2" failures="0" timestamp="05 Sep 2019 05:57:19 GMT" time="26.469" errors="0">
  <testcase name="loginDBTest" time="12.352" classname="com.training.regression.tests.LoginDBTest"/>
  <testcase name="loginDBTest" time="14.117" classname="com.training.regression.tests.LoginDBTest"/>
</testsuite> <!-- com.training.regression.tests.LoginDBTest -->
