<?xml version="1.0" encoding="UTF-8"?>
<!-- Generated by org.testng.reporters.JUnitReportReporter -->
<testsuite skipped="0" hostname="isubrama" name="com.training.sanity.tests.LoginTests" tests="1" failures="0" timestamp="10 Sep 2019 11:17:14 GMT" time="47.671" errors="0">
  <testcase name="validLoginTest" time="47.671" classname="com.training.sanity.tests.LoginTests"/>
</testsuite> <!-- com.training.sanity.tests.LoginTests -->
