<?xml version="1.0" encoding="UTF-8"?>
<!-- Generated by org.testng.reporters.JUnitReportReporter -->
<testsuite skipped="0" hostname="isubrama" name="com.training.sanity.tests.AddCategory" tests="2" failures="0" timestamp="12 Sep 2019 11:12:29 GMT" time="14.024" errors="0">
  <testcase name="validLoginTest" time="2.378" classname="com.training.sanity.tests.AddCategory"/>
  <testcase name="addCategory" time="11.646" classname="com.training.sanity.tests.AddCategory"/>
</testsuite> <!-- com.training.sanity.tests.AddCategory -->
