<?xml version="1.0" encoding="UTF-8"?>
<!-- Generated by org.testng.reporters.JUnitReportReporter -->
<testsuite skipped="0" hostname="isubrama" name="com.training.sanity.tests.AddProduct" tests="2" failures="0" timestamp="12 Sep 2019 11:43:58 GMT" time="10.053" errors="0">
  <testcase name="validLoginTest" time="1.904" classname="com.training.sanity.tests.AddProduct"/>
  <testcase name="addCategory" time="8.149" classname="com.training.sanity.tests.AddProduct"/>
</testsuite> <!-- com.training.sanity.tests.AddProduct -->
