<?xml version="1.0" encoding="UTF-8"?>
<!-- Generated by org.testng.reporters.JUnitReportReporter -->
<testsuite skipped="0" hostname="isubrama" name="com.training.regression.tests.LoginExcelTest" tests="2" failures="0" timestamp="05 Sep 2019 04:44:37 GMT" time="26.750" errors="0">
  <testcase name="loginDBTest" time="14.337" classname="com.training.regression.tests.LoginExcelTest"/>
  <testcase name="loginDBTest" time="12.413" classname="com.training.regression.tests.LoginExcelTest"/>
</testsuite> <!-- com.training.regression.tests.LoginExcelTest -->
